<?xml version="1.0" encoding="UTF-8"?>
<!-- Generated by org.testng.reporters.JUnitReportReporter -->
<testsuite hostname="Preeti" failures="0" tests="2" name="com.test.tests.TekarchEnd2EndTestScript" time="17.339" errors="0" timestamp="2023-07-11T10:02:50 PDT" skipped="1">
  <testcase classname="com.test.tests.TekarchEnd2EndTestScript" name="getAllAccountNoForUser" time="17.339"/>
  <system-out/>
  <testcase classname="com.test.tests.TekarchEnd2EndTestScript" name="getUsers">
    <skipped/>
  </testcase> <!-- getUsers -->
  <system-out/>
</testsuite> <!-- com.test.tests.TekarchEnd2EndTestScript -->
